\BOOKMARK [1][-]{section.1}{\376\377\116\052\116\272\116\073\230\165\116\313\176\315}{}% 1
\BOOKMARK [2][-]{subsection.1.1}{\376\377\116\073\230\165\213\277\225\356\224\376\143\245}{section.1}% 2
\BOOKMARK [2][-]{subsection.1.2}{\376\377\116\073\230\165\166\204\116\073\211\201\121\205\133\271}{section.1}% 3
\BOOKMARK [2][-]{subsection.1.3}{\376\377\230\165\227\142\176\323\147\204\116\016\122\237\200\375\213\364\146\016}{section.1}% 4
\BOOKMARK [1][-]{section.2}{\376\377\123\132\133\242\121\205\133\271\116\313\176\315}{}% 5
\BOOKMARK [2][-]{subsection.2.1}{\376\377\123\132\133\242\116\073\230\230}{section.2}% 6
\BOOKMARK [2][-]{subsection.2.2}{\376\377\116\073\211\201\121\205\133\271\151\202\217\360}{section.2}% 7
\BOOKMARK [2][-]{subsection.2.3}{\376\377\123\132\133\242\213\277\225\356\145\271\137\017}{section.2}% 8
\BOOKMARK [1][-]{section.3}{\376\377\133\236\163\260\217\307\172\013}{}% 9
\BOOKMARK [2][-]{subsection.3.1}{\376\377\117\177\165\050\166\204\116\073\211\201\135\345\121\167\142\026\142\200\147\057}{section.3}% 10
\BOOKMARK [2][-]{subsection.3.2}{\376\377\177\121\230\165\144\055\136\372\124\214\220\350\177\162\217\307\172\013}{section.3}% 11
\BOOKMARK [2][-]{subsection.3.3}{\376\377\220\107\122\060\166\204\225\356\230\230\123\312\211\343\121\263\145\271\154\325}{section.3}% 12
\BOOKMARK [1][-]{section.4}{\376\377\000A\000I\000\040\000A\000g\000e\000n\000t\000\040\117\177\165\050\213\364\146\016}{}% 13
\BOOKMARK [2][-]{subsection.4.1}{\376\377\117\177\165\050\166\204\000\040\000A\000I\000\040\135\345\121\167}{section.4}% 14
\BOOKMARK [2][-]{subsection.4.2}{\376\377\000A\000I\000\040\217\205\122\251\133\214\142\020\166\204\121\205\133\271}{section.4}% 15
\BOOKMARK [2][-]{subsection.4.3}{\376\377\201\352\135\361\133\371\000\040\000A\000I\000\040\165\037\142\020\121\205\133\271\120\132\166\204\117\356\145\071}{section.4}% 16
\BOOKMARK [2][-]{subsection.4.4}{\376\377\133\371\000\040\000A\000I\000\040\217\205\122\251\177\026\172\013\166\204\140\035\200\003}{section.4}% 17
\BOOKMARK [1][-]{section.5}{\376\377\176\323\147\234\134\125\171\072}{}% 18
\BOOKMARK [2][-]{subsection.5.1}{\376\377\116\052\116\272\116\073\230\165\142\052\126\376}{section.5}% 19
\BOOKMARK [2][-]{subsection.5.2}{\376\377\123\132\133\242\230\165\227\142\142\052\126\376}{section.5}% 20
\BOOKMARK [2][-]{subsection.5.3}{\376\377\121\166\116\326\213\364\146\016}{section.5}% 21
